<?xml version="1.0" encoding="UTF-8"?>
<!-- Generated by org.testng.reporters.JUnitReportReporter -->
<testsuite hostname="Aswanthkumar" failures="0" tests="1" name="beelittle.test.Product_adding_test" time="14.943" errors="0" timestamp="2024-12-23T13:35:59 IST" skipped="0">
  <testcase classname="beelittle.test.Product_adding_test" name="product_adding" time="14.943"/>
</testsuite> <!-- beelittle.test.Product_adding_test -->
