<?xml version="1.0" encoding="UTF-8"?>
<!-- Generated by org.testng.reporters.JUnitReportReporter -->
<testsuite hostname="Aswanthkumar" failures="0" tests="1" name="beelittle.test.Login_test" time="14.986" errors="0" timestamp="2024-12-30T11:15:19 IST" skipped="0">
  <testcase classname="beelittle.test.Login_test" name="login" time="14.986"/>
</testsuite> <!-- beelittle.test.Login_test -->
