<?xml version="1.0" encoding="UTF-8"?>
<!-- Generated by org.testng.reporters.JUnitReportReporter -->
<testsuite hostname="Aswanthkumar" failures="0" tests="1" name="beelittle.test.Place_order_test" time="20.214" errors="0" timestamp="2024-12-30T11:18:36 IST" skipped="0">
  <testcase classname="beelittle.test.Place_order_test" name="placeorder_payment_section" time="20.214"/>
</testsuite> <!-- beelittle.test.Place_order_test -->
